<?xml version="1.0" encoding="UTF-8"?>
<!-- Generated by org.testng.reporters.JUnitReportReporter -->
<testsuite skipped="0" hostname="5B4JG32" name="com.cai.qa.bg.testScripts.BGG.CreateBGGetawayPackage" tests="1" failures="0" timestamp="16 Sep 2019 08:06:47 GMT" time="6.617" errors="0">
  <testcase name="Launch" time="6.617" classname="com.cai.qa.bg.testScripts.BGG.CreateBGGetawayPackage"/>
</testsuite> <!-- com.cai.qa.bg.testScripts.BGG.CreateBGGetawayPackage -->
